[0.000000] (-) TimerEvent: {}
[0.000245] (-) JobUnselected: {'identifier': 'sub_robot_bringup'}
[0.000392] (-) JobUnselected: {'identifier': 'sub_robot_core'}
[0.000429] (-) JobUnselected: {'identifier': 'sub_robot_sim'}
[0.000521] (-) JobUnselected: {'identifier': 'wall_follower'}
[0.000583] (crop_task_vision) JobQueued: {'identifier': 'crop_task_vision', 'dependencies': OrderedDict()}
[0.000607] (crop_task_vision) JobStarted: {'identifier': 'crop_task_vision'}
[0.006046] (crop_task_vision) JobProgress: {'identifier': 'crop_task_vision', 'progress': 'cmake'}
[0.006554] (crop_task_vision) JobProgress: {'identifier': 'crop_task_vision', 'progress': 'build'}
[0.007478] (crop_task_vision) Command: {'cmd': ['/usr/bin/cmake', '--build', '/home/ubuntu/Intel_study/Intel7_Final_Project_5_Team/RoS2/Sensor_Ros2/build/crop_task_vision', '--', '-j24', '-l24'], 'cwd': '/home/ubuntu/Intel_study/Intel7_Final_Project_5_Team/RoS2/Sensor_Ros2/build/crop_task_vision', 'env': OrderedDict([('GJS_DEBUG_TOPICS', 'JS ERROR;JS LOG'), ('LESSOPEN', '| /usr/bin/lesspipe %s'), ('VSCODE_CWD', '/home/ubuntu'), ('VSCODE_ESM_ENTRYPOINT', 'vs/workbench/api/node/extensionHostProcess'), ('LANGUAGE', 'ko:en'), ('USER', 'ubuntu'), ('LC_TIME', 'ko_KR.UTF-8'), ('CODEX_INTERNAL_ORIGINATOR_OVERRIDE', 'codex_vscode'), ('VSCODE_NLS_CONFIG', '{"userLocale":"ko","osLocale":"ko","resolvedLanguage":"ko","defaultMessagesFile":"/usr/share/code/resources/app/out/nls.messages.json","languagePack":{"translationsConfigFile":"/home/ubuntu/.config/Code/clp/c4cd97fcd2f75e8f5da1b51c72853db1.ko/tcf.json","messagesFile":"/home/ubuntu/.config/Code/clp/c4cd97fcd2f75e8f5da1b51c72853db1.ko/6f17636121051a53c88d3e605c491d22af2ba755/nls.messages.json","corruptMarkerFile":"/home/ubuntu/.config/Code/clp/c4cd97fcd2f75e8f5da1b51c72853db1.ko/corrupted.info"},"locale":"ko","availableLanguages":{"*":"ko"},"_languagePackId":"c4cd97fcd2f75e8f5da1b51c72853db1.ko","_languagePackSupport":true,"_translationsConfigFile":"/home/ubuntu/.config/Code/clp/c4cd97fcd2f75e8f5da1b51c72853db1.ko/tcf.json","_cacheRoot":"/home/ubuntu/.config/Code/clp/c4cd97fcd2f75e8f5da1b51c72853db1.ko","_resolvedLanguagePackCoreLocation":"/home/ubuntu/.config/Code/clp/c4cd97fcd2f75e8f5da1b51c72853db1.ko/6f17636121051a53c88d3e605c491d22af2ba755","_corruptedFile":"/home/ubuntu/.config/Code/clp/c4cd97fcd2f75e8f5da1b51c72853db1.ko/corrupted.info"}'), ('VSCODE_HANDLES_UNCAUGHT_ERRORS', 'true'), ('XDG_SESSION_TYPE', 'x11'), ('SHLVL', '0'), ('HOME', '/home/ubuntu'), ('CHROME_DESKTOP', 'code.desktop'), ('DESKTOP_SESSION', 'ubuntu'), ('VSCODE_IPC_HOOK', '/run/user/1000/vscode-c29ae69c-1.10-main.sock'), ('GIO_LAUNCHED_DESKTOP_FILE', '/usr/share/applications/code.desktop'), ('GAZEBO_MASTER_URI', 'http://localhost:11345'), ('ROS_PYTHON_VERSION', '3'), ('GNOME_SHELL_SESSION_MODE', 'ubuntu'), ('GTK_MODULES', 'gail:atk-bridge'), ('LC_MONETARY', 'ko_KR.UTF-8'), ('MANAGERPID', '1377'), ('SYSTEMD_EXEC_PID', '2067'), ('DBUS_SESSION_BUS_ADDRESS', 'unix:path=/run/user/1000/bus'), ('GIO_LAUNCHED_DESKTOP_FILE_PID', '1175271'), ('VSCODE_CRASH_REPORTER_PROCESS_TYPE', 'extensionHost'), ('COLCON_PREFIX_PATH', '/home/ubuntu/tb3_sim_ws/install:/home/ubuntu/turtlebot3_ws/install:/home/ubuntu/Intel_study/Intel7_Final_Project_5_Team/RoS2/Sensor_Ros2/install'), ('ROS_DISTRO', 'humble'), ('GTK_IM_MODULE', 'ibus'), ('LOGNAME', 'ubuntu'), ('JOURNAL_STREAM', '8:40964'), ('_', '/usr/bin/colcon'), ('ROS_VERSION', '2'), ('XDG_SESSION_CLASS', 'user'), ('RUST_LOG', 'warn'), ('USERNAME', 'ubuntu'), ('GAZEBO_MODEL_PATH', '/usr/share/gazebo-11/models:/usr/share/gazebo-11/models:/usr/share/gazebo-11/models:'), ('GNOME_DESKTOP_SESSION_ID', 'this-is-deprecated'), ('ROS_LOCALHOST_ONLY', '0'), ('WINDOWPATH', '2'), ('OGRE_RESOURCE_PATH', '/usr/lib/x86_64-linux-gnu/OGRE-1.9.0'), ('PATH', '/home/ubuntu/.local/bin:/home/ubuntu/bin:/tmp/.tmpoGUV4r:/home/ubuntu/.local/bin:/home/ubuntu/bin:/opt/ros/humble/bin:/home/ubuntu/.local/bin:/home/ubuntu/bin:/usr/local/sbin:/usr/local/bin:/usr/sbin:/usr/bin:/sbin:/bin:/usr/games:/usr/local/games:/snap/bin:/snap/bin:/home/ubuntu/tools/arduino-1.8.3:/home/ubuntu/.vscode/extensions/openai.chatgpt-0.4.19-linux-x64/bin/linux-x86_64'), ('SESSION_MANAGER', 'local/ubuntu30:@/tmp/.ICE-unix/2045,unix/ubuntu30:/tmp/.ICE-unix/2045'), ('INVOCATION_ID', '059afda258d8468dbb99099ea30c7e60'), ('PAPERSIZE', 'a4'), ('XDG_MENU_PREFIX', 'gnome-'), ('LC_ADDRESS', 'ko_KR.UTF-8'), ('XDG_RUNTIME_DIR', '/run/user/1000'), ('GDK_BACKEND', 'x11'), ('DISPLAY', ':0'), ('CODEX_SANDBOX_NETWORK_DISABLED', '1'), ('LANG', 'C.UTF-8'), ('XDG_CURRENT_DESKTOP', 'Unity'), ('LC_TELEPHONE', 'ko_KR.UTF-8'), ('XMODIFIERS', '@im=ibus'), ('XDG_SESSION_DESKTOP', 'ubuntu'), ('XAUTHORITY', '/run/user/1000/gdm/Xauthority'), ('SSH_AGENT_LAUNCHER', 'gnome-keyring'), ('SSH_AUTH_SOCK', '/run/user/1000/keyring/ssh'), ('ROS_DOMAIN_ID', '15'), ('AMENT_PREFIX_PATH', '/home/ubuntu/turtlebot3_ws/install/turtlebot3_navigation2:/home/ubuntu/turtlebot3_ws/install/turtlebot3_follower:/home/ubuntu/turtlebot3_ws/install/turtlebot3_example:/home/ubuntu/turtlebot3_ws/install/turtlebot3_description:/home/ubuntu/turtlebot3_ws/install/turtlebot3_cartographer:/home/ubuntu/turtlebot3_ws/install/dynamixel_sdk:/home/ubuntu/tb3_sim_ws/install/turtlebot3_gazebo:/home/ubuntu/tb3_sim_ws/install/turtlebot3_fake_node:/home/ubuntu/Intel_study/Intel7_Final_Project_5_Team/RoS2/Sensor_Ros2/install/wall_follower:/home/ubuntu/Intel_study/Intel7_Final_Project_5_Team/RoS2/Sensor_Ros2/install/sub_robot_bringup:/home/ubuntu/Intel_study/Intel7_Final_Project_5_Team/RoS2/Sensor_Ros2/install/sub_robot_sim:/home/ubuntu/Intel_study/Intel7_Final_Project_5_Team/RoS2/Sensor_Ros2/install/sub_robot_core:/opt/ros/humble'), ('ORIGINAL_XDG_CURRENT_DESKTOP', 'ubuntu:GNOME'), ('SHELL', '/bin/bash'), ('LC_NAME', 'ko_KR.UTF-8'), ('QT_ACCESSIBILITY', '1'), ('ELECTRON_RUN_AS_NODE', '1'), ('GDMSESSION', 'ubuntu'), ('LESSCLOSE', '/usr/bin/lesspipe %s %s'), ('LC_MEASUREMENT', 'ko_KR.UTF-8'), ('GPG_AGENT_INFO', '/run/user/1000/gnupg/S.gpg-agent:0:1'), ('GAZEBO_RESOURCE_PATH', '/usr/share/gazebo-11:/usr/share/gazebo-11:/usr/share/gazebo-11:'), ('GJS_DEBUG_OUTPUT', 'stderr'), ('LC_IDENTIFICATION', 'ko_KR.UTF-8'), ('GAZEBO_MODEL_DATABASE_URI', 'http://models.gazebosim.org'), ('QT_IM_MODULE', 'ibus'), ('PWD', '/home/ubuntu/Intel_study/Intel7_Final_Project_5_Team/RoS2/Sensor_Ros2/build/crop_task_vision'), ('TURTLEBOT3_MODEL', 'burger'), ('LC_ALL', 'C.UTF-8'), ('XDG_CONFIG_DIRS', '/etc/xdg/xdg-ubuntu:/etc/xdg'), ('VSCODE_CODE_CACHE_PATH', '/home/ubuntu/.config/Code/CachedData/6f17636121051a53c88d3e605c491d22af2ba755'), ('GAZEBO_PLUGIN_PATH', '/usr/lib/x86_64-linux-gnu/gazebo-11/plugins:/usr/lib/x86_64-linux-gnu/gazebo-11/plugins:/usr/lib/x86_64-linux-gnu/gazebo-11/plugins:'), ('XDG_DATA_DIRS', '/usr/share/ubuntu:/usr/share/gnome:/usr/local/share/:/usr/share/:/var/lib/snapd/desktop'), ('PYTHONPATH', '/home/ubuntu/turtlebot3_ws/install/turtlebot3_example/lib/python3.10/site-packages:/home/ubuntu/turtlebot3_ws/install/dynamixel_sdk/local/lib/python3.10/dist-packages:/home/ubuntu/Intel_study/Intel7_Final_Project_5_Team/RoS2/Sensor_Ros2/install/wall_follower/lib/python3.10/site-packages:/opt/ros/humble/lib/python3.10/site-packages:/opt/ros/humble/local/lib/python3.10/dist-packages'), ('LC_NUMERIC', 'ko_KR.UTF-8'), ('LC_PAPER', 'ko_KR.UTF-8'), ('COLCON', '1'), ('CMAKE_PREFIX_PATH', '/home/ubuntu/turtlebot3_ws/install/turtlebot3_navigation2:/home/ubuntu/turtlebot3_ws/install/turtlebot3_follower:/home/ubuntu/turtlebot3_ws/install/turtlebot3_description:/home/ubuntu/turtlebot3_ws/install/turtlebot3_cartographer:/home/ubuntu/turtlebot3_ws/install/dynamixel_sdk:/home/ubuntu/tb3_sim_ws/install/turtlebot3_gazebo:/home/ubuntu/tb3_sim_ws/install/turtlebot3_fake_node:/home/ubuntu/Intel_study/Intel7_Final_Project_5_Team/RoS2/Sensor_Ros2/install/sub_robot_bringup:/home/ubuntu/Intel_study/Intel7_Final_Project_5_Team/RoS2/Sensor_Ros2/install/sub_robot_sim:/home/ubuntu/Intel_study/Intel7_Final_Project_5_Team/RoS2/Sensor_Ros2/install/sub_robot_core:/home/ubuntu/turtlebot3_ws/install/turtlebot3_example:/home/ubuntu/Intel_study/Intel7_Final_Project_5_Team/RoS2/Sensor_Ros2/install/wall_follower:/opt/ros/humble'), ('VSCODE_PID', '1175271')]), 'shell': False}
[0.026912] (crop_task_vision) StdoutLine: {'line': b'-- Found ament_cmake: 1.3.12 (/opt/ros/humble/share/ament_cmake/cmake)\n'}
[0.099882] (-) TimerEvent: {}
[0.118509] (crop_task_vision) StdoutLine: {'line': b'-- Found rclcpp: 16.0.14 (/opt/ros/humble/share/rclcpp/cmake)\n'}
[0.134746] (crop_task_vision) StdoutLine: {'line': b'-- Found rosidl_generator_c: 3.1.7 (/opt/ros/humble/share/rosidl_generator_c/cmake)\n'}
[0.136025] (crop_task_vision) StdoutLine: {'line': b'-- Found rosidl_adapter: 3.1.7 (/opt/ros/humble/share/rosidl_adapter/cmake)\n'}
[0.139075] (crop_task_vision) StdoutLine: {'line': b'-- Found rosidl_generator_cpp: 3.1.7 (/opt/ros/humble/share/rosidl_generator_cpp/cmake)\n'}
[0.144919] (crop_task_vision) StdoutLine: {'line': b'-- Using all available rosidl_typesupport_c: rosidl_typesupport_fastrtps_c;rosidl_typesupport_introspection_c\n'}
[0.151916] (crop_task_vision) StdoutLine: {'line': b'-- Using all available rosidl_typesupport_cpp: rosidl_typesupport_fastrtps_cpp;rosidl_typesupport_introspection_cpp\n'}
[0.171373] (crop_task_vision) StdoutLine: {'line': b'-- Found rmw_implementation_cmake: 6.1.2 (/opt/ros/humble/share/rmw_implementation_cmake/cmake)\n'}
[0.172242] (crop_task_vision) StdoutLine: {'line': b'-- Found rmw_fastrtps_cpp: 6.2.8 (/opt/ros/humble/share/rmw_fastrtps_cpp/cmake)\n'}
[0.199958] (-) TimerEvent: {}
[0.244638] (crop_task_vision) StdoutLine: {'line': b"-- Using RMW implementation 'rmw_fastrtps_cpp' as default\n"}
[0.270979] (crop_task_vision) StdoutLine: {'line': b'-- Found sensor_msgs: 4.9.0 (/opt/ros/humble/share/sensor_msgs/cmake)\n'}
[0.288008] (crop_task_vision) StdoutLine: {'line': b'-- Found cv_bridge: 3.2.1 (/opt/ros/humble/share/cv_bridge/cmake)\n'}
[0.300032] (-) TimerEvent: {}
[0.338501] (crop_task_vision) StdoutLine: {'line': b'-- Configuring done\n'}
[0.350467] (crop_task_vision) StdoutLine: {'line': b'-- Generating done\n'}
[0.354271] (crop_task_vision) StdoutLine: {'line': b'-- Build files have been written to: /home/ubuntu/Intel_study/Intel7_Final_Project_5_Team/RoS2/Sensor_Ros2/build/crop_task_vision\n'}
[0.375224] (crop_task_vision) StdoutLine: {'line': b'Consolidate compiler generated dependencies of target crop_task_node_lib\n'}
[0.380094] (crop_task_vision) StdoutLine: {'line': b'[ 14%] Building CXX object CMakeFiles/lidar_guard_node.dir/src/lidar_guard_node.cpp.o\n'}
[0.380476] (crop_task_vision) StdoutLine: {'line': b'[ 28%] Building CXX object CMakeFiles/lidar_guard_node.dir/src/lidar_guard_main.cpp.o\n'}
[0.384008] (crop_task_vision) StdoutLine: {'line': b'[ 57%] Built target crop_task_node_lib\n'}
[0.387335] (crop_task_vision) StderrLine: {'line': b'/home/ubuntu/Intel_study/Intel7_Final_Project_5_Team/RoS2/Sensor_Ros2/src/crop_task_vision/src/lidar_guard_node.cpp:1:10: fatal error: crop_task_vision/lidar_guard_node.hpp: \xea\xb7\xb8\xeb\x9f\xb0 \xed\x8c\x8c\xec\x9d\xbc\xec\x9d\xb4\xeb\x82\x98 \xeb\x94\x94\xeb\xa0\x89\xed\x84\xb0\xeb\xa6\xac\xea\xb0\x80 \xec\x97\x86\xec\x8a\xb5\xeb\x8b\x88\xeb\x8b\xa4\n'}
[0.387391] (crop_task_vision) StderrLine: {'line': b'    1 | #include "crop_task_vision/lidar_guard_node.hpp"\n'}
[0.387426] (crop_task_vision) StderrLine: {'line': b'      |          ^~~~~~~~~~~~~~~~~~~~~~~~~~~~~~~~~~~~~~~\n'}
[0.387455] (crop_task_vision) StderrLine: {'line': b'compilation terminated.\n'}
[0.387783] (crop_task_vision) StderrLine: {'line': b'gmake[2]: *** [CMakeFiles/lidar_guard_node.dir/build.make:76: CMakeFiles/lidar_guard_node.dir/src/lidar_guard_node.cpp.o] \xec\x98\xa4\xeb\xa5\x98 1\n'}
[0.387816] (crop_task_vision) StderrLine: {'line': b'gmake[2]: *** \xeb\x81\x9d\xeb\x82\x98\xec\xa7\x80 \xec\x95\x8a\xec\x9d\x80 \xec\x9e\x91\xec\x97\x85\xec\x9d\x84 \xea\xb8\xb0\xeb\x8b\xa4\xeb\xa6\xac\xea\xb3\xa0 \xec\x9e\x88\xec\x8a\xb5\xeb\x8b\x88\xeb\x8b\xa4....\n'}
[0.394982] (crop_task_vision) StdoutLine: {'line': b'Consolidate compiler generated dependencies of target crop_task_node\n'}
[0.400090] (-) TimerEvent: {}
[0.404628] (crop_task_vision) StdoutLine: {'line': b'[ 85%] Built target crop_task_node\n'}
[0.500203] (-) TimerEvent: {}
[0.500492] (crop_task_vision) StderrLine: {'line': b'/home/ubuntu/Intel_study/Intel7_Final_Project_5_Team/RoS2/Sensor_Ros2/src/crop_task_vision/src/lidar_guard_main.cpp:3:10: fatal error: crop_task_vision/lidar_guard_node.hpp: \xea\xb7\xb8\xeb\x9f\xb0 \xed\x8c\x8c\xec\x9d\xbc\xec\x9d\xb4\xeb\x82\x98 \xeb\x94\x94\xeb\xa0\x89\xed\x84\xb0\xeb\xa6\xac\xea\xb0\x80 \xec\x97\x86\xec\x8a\xb5\xeb\x8b\x88\xeb\x8b\xa4\n'}
[0.500642] (crop_task_vision) StderrLine: {'line': b'    3 | #include "crop_task_vision/lidar_guard_node.hpp"\n'}
[0.500714] (crop_task_vision) StderrLine: {'line': b'      |          ^~~~~~~~~~~~~~~~~~~~~~~~~~~~~~~~~~~~~~~\n'}
[0.500778] (crop_task_vision) StderrLine: {'line': b'compilation terminated.\n'}
[0.501918] (crop_task_vision) StderrLine: {'line': b'gmake[2]: *** [CMakeFiles/lidar_guard_node.dir/build.make:90: CMakeFiles/lidar_guard_node.dir/src/lidar_guard_main.cpp.o] \xec\x98\xa4\xeb\xa5\x98 1\n'}
[0.501990] (crop_task_vision) StderrLine: {'line': b'gmake[1]: *** [CMakeFiles/Makefile2:193: CMakeFiles/lidar_guard_node.dir/all] \xec\x98\xa4\xeb\xa5\x98 2\n'}
[0.502306] (crop_task_vision) StderrLine: {'line': b'gmake: *** [Makefile:146: all] \xec\x98\xa4\xeb\xa5\x98 2\n'}
[0.503355] (crop_task_vision) CommandEnded: {'returncode': 2}
[0.509416] (crop_task_vision) JobEnded: {'identifier': 'crop_task_vision', 'rc': 2}
[0.519805] (-) EventReactorShutdown: {}
