[0.008s] Invoking command in '/home/ubuntu/turtlebot3_ws/src/turtlebot3_applications/build/turtlebot3_follower': CMAKE_PREFIX_PATH=${CMAKE_PREFIX_PATH}:/home/ubuntu/Intel7_Final_Project_5_Team/source/turtlebot3_ws/install/turtlebot3_teleop:/home/ubuntu/Intel7_Final_Project_5_Team/source/turtlebot3_ws/install/turtlebot3_example:/home/ubuntu/turtlebot3_ws/install/turtlebot3_yolo_object_detection:/home/ubuntu/turtlebot3_ws/install/turtlebot3_teleop:/home/ubuntu/turtlebot3_ws/install/turtlebot3_example:/home/ubuntu/turtlebot3_ws/install/turtlebot3_automatic_parking_vision:/home/ubuntu/turtlebot3_ws/install/turtlebot3_automatic_parking:/home/ubuntu/turtlebot3_ws/install/turtlebot3_aruco_tracker:/opt/ros/humble /usr/bin/cmake --build /home/ubuntu/turtlebot3_ws/src/turtlebot3_applications/build/turtlebot3_follower -- -j24 -l24
[0.043s] [ 50%] [32mBuilding CXX object CMakeFiles/follower.dir/src/follower.cpp.o[0m
[2.101s] gmake[2]: *** [CMakeFiles/follower.dir/build.make:76: CMakeFiles/follower.dir/src/follower.cpp.o] Interrupt
[2.101s] gmake[1]: *** [CMakeFiles/Makefile2:137: CMakeFiles/follower.dir/all] Interrupt
[2.101s] gmake: *** [Makefile:146: all] Interrupt
[2.117s] Invoked command in '/home/ubuntu/turtlebot3_ws/src/turtlebot3_applications/build/turtlebot3_follower' returned '-2': CMAKE_PREFIX_PATH=${CMAKE_PREFIX_PATH}:/home/ubuntu/Intel7_Final_Project_5_Team/source/turtlebot3_ws/install/turtlebot3_teleop:/home/ubuntu/Intel7_Final_Project_5_Team/source/turtlebot3_ws/install/turtlebot3_example:/home/ubuntu/turtlebot3_ws/install/turtlebot3_yolo_object_detection:/home/ubuntu/turtlebot3_ws/install/turtlebot3_teleop:/home/ubuntu/turtlebot3_ws/install/turtlebot3_example:/home/ubuntu/turtlebot3_ws/install/turtlebot3_automatic_parking_vision:/home/ubuntu/turtlebot3_ws/install/turtlebot3_automatic_parking:/home/ubuntu/turtlebot3_ws/install/turtlebot3_aruco_tracker:/opt/ros/humble /usr/bin/cmake --build /home/ubuntu/turtlebot3_ws/src/turtlebot3_applications/build/turtlebot3_follower -- -j24 -l24
