[0.008s] Invoking command in '/home/ubuntu/Intel_study/Intel7_Final_Project_5_Team/RoS2/Sensor_Ros2/build/sub_robot_sim': CMAKE_PREFIX_PATH=${CMAKE_PREFIX_PATH}:/opt/ros/humble /usr/bin/cmake --build /home/ubuntu/Intel_study/Intel7_Final_Project_5_Team/RoS2/Sensor_Ros2/build/sub_robot_sim -- -j24 -l24
[0.052s] [ 50%] Building CXX object CMakeFiles/mock_main_odom.dir/src/mock_main_odom.cpp.o
[2.466s] /home/ubuntu/Intel_study/Intel7_Final_Project_5_Team/RoS2/Sensor_Ros2/src/sub_robot_sim/src/mock_main_odom.cpp: In member function ‘void MockMainOdomNode::on_timer()’:
[2.467s] /home/ubuntu/Intel_study/Intel7_Final_Project_5_Team/RoS2/Sensor_Ros2/src/sub_robot_sim/src/mock_main_odom.cpp:75:38: error: ‘tf2_geometry_msgs’ has not been declared
[2.467s]    75 |     odom_msg.pose.pose.orientation = tf2_geometry_msgs::toMsg(q);
[2.467s]       |                                      ^~~~~~~~~~~~~~~~~
[3.111s] gmake[2]: *** [CMakeFiles/mock_main_odom.dir/build.make:76: CMakeFiles/mock_main_odom.dir/src/mock_main_odom.cpp.o] 오류 1
[3.112s] gmake[1]: *** [CMakeFiles/Makefile2:137: CMakeFiles/mock_main_odom.dir/all] 오류 2
[3.113s] gmake: *** [Makefile:146: all] 오류 2
[3.118s] Invoked command in '/home/ubuntu/Intel_study/Intel7_Final_Project_5_Team/RoS2/Sensor_Ros2/build/sub_robot_sim' returned '2': CMAKE_PREFIX_PATH=${CMAKE_PREFIX_PATH}:/opt/ros/humble /usr/bin/cmake --build /home/ubuntu/Intel_study/Intel7_Final_Project_5_Team/RoS2/Sensor_Ros2/build/sub_robot_sim -- -j24 -l24
