[30.031s] Invoking command in '/home/ubuntu/Intel_study/Intel7_Final_Project_5_Team/RoS2/Sensor_Ros2/build/crop_task_vision': CMAKE_PREFIX_PATH=${CMAKE_PREFIX_PATH}:/home/ubuntu/turtlebot3_ws/install/turtlebot3_example:/home/ubuntu/Intel_study/Intel7_Final_Project_5_Team/RoS2/Sensor_Ros2/install/wall_follower:/opt/ros/humble /usr/bin/cmake /home/ubuntu/Intel_study/Intel7_Final_Project_5_Team/RoS2/Sensor_Ros2/src/crop_task_vision -DCMAKE_INSTALL_PREFIX=/home/ubuntu/Intel_study/Intel7_Final_Project_5_Team/RoS2/Sensor_Ros2/install/crop_task_vision
[30.075s] -- The C compiler identification is GNU 11.4.0
[30.111s] -- The CXX compiler identification is GNU 11.4.0
[30.117s] -- Detecting C compiler ABI info
[30.162s] -- Detecting C compiler ABI info - done
[30.167s] -- Check for working C compiler: /usr/bin/cc - skipped
[30.167s] -- Detecting C compile features
[30.168s] -- Detecting C compile features - done
[30.170s] -- Detecting CXX compiler ABI info
[30.221s] -- Detecting CXX compiler ABI info - done
[30.226s] -- Check for working CXX compiler: /usr/bin/c++ - skipped
[30.226s] -- Detecting CXX compile features
[30.226s] -- Detecting CXX compile features - done
[30.229s] -- Found ament_cmake: 1.3.12 (/opt/ros/humble/share/ament_cmake/cmake)
[30.457s] -- Found Python3: /usr/bin/python3 (found version "3.10.12") found components: Interpreter 
[30.534s] -- Found rclcpp: 16.0.14 (/opt/ros/humble/share/rclcpp/cmake)
[30.572s] -- Found rosidl_generator_c: 3.1.7 (/opt/ros/humble/share/rosidl_generator_c/cmake)
[30.576s] -- Found rosidl_adapter: 3.1.7 (/opt/ros/humble/share/rosidl_adapter/cmake)
[30.585s] -- Found rosidl_generator_cpp: 3.1.7 (/opt/ros/humble/share/rosidl_generator_cpp/cmake)
[30.595s] -- Using all available rosidl_typesupport_c: rosidl_typesupport_fastrtps_c;rosidl_typesupport_introspection_c
[30.610s] -- Using all available rosidl_typesupport_cpp: rosidl_typesupport_fastrtps_cpp;rosidl_typesupport_introspection_cpp
[30.651s] -- Found rmw_implementation_cmake: 6.1.2 (/opt/ros/humble/share/rmw_implementation_cmake/cmake)
[30.653s] -- Found rmw_fastrtps_cpp: 6.2.8 (/opt/ros/humble/share/rmw_fastrtps_cpp/cmake)
[30.718s] -- Found OpenSSL: /usr/lib/x86_64-linux-gnu/libcrypto.so (found version "3.0.2")  
[30.737s] -- Found FastRTPS: /opt/ros/humble/include  
[30.771s] -- Using RMW implementation 'rmw_fastrtps_cpp' as default
[30.781s] -- Looking for pthread.h
[30.832s] -- Looking for pthread.h - found
[30.832s] -- Performing Test CMAKE_HAVE_LIBC_PTHREAD
[30.881s] -- Performing Test CMAKE_HAVE_LIBC_PTHREAD - Success
[30.881s] -- Found Threads: TRUE  
[30.924s] -- Found sensor_msgs: 4.9.0 (/opt/ros/humble/share/sensor_msgs/cmake)
[30.950s] -- Found cv_bridge: 3.2.1 (/opt/ros/humble/share/cv_bridge/cmake)
[30.958s] -- Found OpenCV: /usr (found version "4.5.4") found components: core imgproc 
[31.002s] -- Configuring done
[31.011s] -- Generating done
[31.014s] -- Build files have been written to: /home/ubuntu/Intel_study/Intel7_Final_Project_5_Team/RoS2/Sensor_Ros2/build/crop_task_vision
[60.059s] Invoked command in '/home/ubuntu/Intel_study/Intel7_Final_Project_5_Team/RoS2/Sensor_Ros2/build/crop_task_vision' returned '0': CMAKE_PREFIX_PATH=${CMAKE_PREFIX_PATH}:/home/ubuntu/turtlebot3_ws/install/turtlebot3_example:/home/ubuntu/Intel_study/Intel7_Final_Project_5_Team/RoS2/Sensor_Ros2/install/wall_follower:/opt/ros/humble /usr/bin/cmake /home/ubuntu/Intel_study/Intel7_Final_Project_5_Team/RoS2/Sensor_Ros2/src/crop_task_vision -DCMAKE_INSTALL_PREFIX=/home/ubuntu/Intel_study/Intel7_Final_Project_5_Team/RoS2/Sensor_Ros2/install/crop_task_vision
[60.060s] Invoking command in '/home/ubuntu/Intel_study/Intel7_Final_Project_5_Team/RoS2/Sensor_Ros2/build/crop_task_vision': CMAKE_PREFIX_PATH=${CMAKE_PREFIX_PATH}:/home/ubuntu/turtlebot3_ws/install/turtlebot3_example:/home/ubuntu/Intel_study/Intel7_Final_Project_5_Team/RoS2/Sensor_Ros2/install/wall_follower:/opt/ros/humble /usr/bin/cmake --build /home/ubuntu/Intel_study/Intel7_Final_Project_5_Team/RoS2/Sensor_Ros2/build/crop_task_vision -- -j24 -l24
[60.097s] [ 25%] Building CXX object CMakeFiles/crop_task_node_lib.dir/src/crop_task_node.cpp.o
[61.411s] /home/ubuntu/Intel_study/Intel7_Final_Project_5_Team/RoS2/Sensor_Ros2/src/crop_task_vision/src/crop_task_node.cpp: In member function ‘void crop_task_vision::CropTaskNode::on_image(const ConstSharedPtr&)’:
[61.411s] /home/ubuntu/Intel_study/Intel7_Final_Project_5_Team/RoS2/Sensor_Ros2/src/crop_task_vision/src/crop_task_node.cpp:172:5: error: operands to ‘?:’ have different types ‘rclcpp::Time’ and ‘const _stamp_type’ {aka ‘const builtin_interfaces::msg::Time_<std::allocator<void> >’}
[61.411s]   171 |   const rclcpp::Time stamp = msg->header.stamp.sec == 0 && msg->header.stamp.nanosec == 0
[61.411s]       |                              ~~~~~~~~~~~~~~~~~~~~~~~~~~~~~~~~~~~~~~~~~~~~~~~~~~~~~~~~~~~~
[61.411s]   172 |     ? get_clock()->now()
[61.411s]       |     ^~~~~~~~~~~~~~~~~~~~
[61.411s]   173 |     : msg->header.stamp;
[61.411s]       |     ~~~~~~~~~~~~~~~~~~~
[61.411s] /home/ubuntu/Intel_study/Intel7_Final_Project_5_Team/RoS2/Sensor_Ros2/src/crop_task_vision/src/crop_task_node.cpp:172:5: note:   and each type can be converted to the other
[63.221s] gmake[2]: *** [CMakeFiles/crop_task_node_lib.dir/build.make:76: CMakeFiles/crop_task_node_lib.dir/src/crop_task_node.cpp.o] 오류 1
[63.222s] gmake[1]: *** [CMakeFiles/Makefile2:139: CMakeFiles/crop_task_node_lib.dir/all] 오류 2
[63.222s] gmake: *** [Makefile:146: all] 오류 2
[90.088s] Invoked command in '/home/ubuntu/Intel_study/Intel7_Final_Project_5_Team/RoS2/Sensor_Ros2/build/crop_task_vision' returned '2': CMAKE_PREFIX_PATH=${CMAKE_PREFIX_PATH}:/home/ubuntu/turtlebot3_ws/install/turtlebot3_example:/home/ubuntu/Intel_study/Intel7_Final_Project_5_Team/RoS2/Sensor_Ros2/install/wall_follower:/opt/ros/humble /usr/bin/cmake --build /home/ubuntu/Intel_study/Intel7_Final_Project_5_Team/RoS2/Sensor_Ros2/build/crop_task_vision -- -j24 -l24
