[0.000000] (-) TimerEvent: {}
[0.000228] (-) JobUnselected: {'identifier': 'sub_robot_bringup'}
[0.000258] (-) JobUnselected: {'identifier': 'sub_robot_sim'}
[0.000281] (sub_robot_core) JobQueued: {'identifier': 'sub_robot_core', 'dependencies': OrderedDict()}
[0.000643] (sub_robot_core) JobStarted: {'identifier': 'sub_robot_core'}
[0.017396] (sub_robot_core) JobProgress: {'identifier': 'sub_robot_core', 'progress': 'cmake'}
[0.018218] (sub_robot_core) JobProgress: {'identifier': 'sub_robot_core', 'progress': 'build'}
[0.018796] (sub_robot_core) Command: {'cmd': ['/usr/bin/cmake', '--build', '/home/ubuntu/Intel_study/Intel7_Final_Project_5_Team/RoS2/Sensor_Ros2/build/sub_robot_core', '--', '-j24', '-l24'], 'cwd': '/home/ubuntu/Intel_study/Intel7_Final_Project_5_Team/RoS2/Sensor_Ros2/build/sub_robot_core', 'env': OrderedDict([('GJS_DEBUG_TOPICS', 'JS ERROR;JS LOG'), ('LESSOPEN', '| /usr/bin/lesspipe %s'), ('VSCODE_CWD', '/home/ubuntu'), ('VSCODE_ESM_ENTRYPOINT', 'vs/workbench/api/node/extensionHostProcess'), ('LANGUAGE', 'ko:en'), ('USER', 'ubuntu'), ('LC_TIME', 'ko_KR.UTF-8'), ('CODEX_INTERNAL_ORIGINATOR_OVERRIDE', 'codex_vscode'), ('VSCODE_NLS_CONFIG', '{"userLocale":"ko","osLocale":"ko","resolvedLanguage":"ko","defaultMessagesFile":"/usr/share/code/resources/app/out/nls.messages.json","languagePack":{"translationsConfigFile":"/home/ubuntu/.config/Code/clp/d19f984c966c9c8c0172e5d2dc437cfd.ko/tcf.json","messagesFile":"/home/ubuntu/.config/Code/clp/d19f984c966c9c8c0172e5d2dc437cfd.ko/6f17636121051a53c88d3e605c491d22af2ba755/nls.messages.json","corruptMarkerFile":"/home/ubuntu/.config/Code/clp/d19f984c966c9c8c0172e5d2dc437cfd.ko/corrupted.info"},"locale":"ko","availableLanguages":{"*":"ko"},"_languagePackId":"d19f984c966c9c8c0172e5d2dc437cfd.ko","_languagePackSupport":true,"_translationsConfigFile":"/home/ubuntu/.config/Code/clp/d19f984c966c9c8c0172e5d2dc437cfd.ko/tcf.json","_cacheRoot":"/home/ubuntu/.config/Code/clp/d19f984c966c9c8c0172e5d2dc437cfd.ko","_resolvedLanguagePackCoreLocation":"/home/ubuntu/.config/Code/clp/d19f984c966c9c8c0172e5d2dc437cfd.ko/6f17636121051a53c88d3e605c491d22af2ba755","_corruptedFile":"/home/ubuntu/.config/Code/clp/d19f984c966c9c8c0172e5d2dc437cfd.ko/corrupted.info"}'), ('VSCODE_HANDLES_UNCAUGHT_ERRORS', 'true'), ('XDG_SESSION_TYPE', 'x11'), ('SHLVL', '0'), ('LD_LIBRARY_PATH', '/home/ubuntu/turtlebot3_ws/install/dynamixel_sdk/lib:/usr/lib/x86_64-linux-gnu/gazebo-11/plugins:/opt/ros/humble/opt/rviz_ogre_vendor/lib:/opt/ros/humble/lib/x86_64-linux-gnu:/opt/ros/humble/lib:/usr/lib/x86_64-linux-gnu/gazebo-11/plugins::/usr/lib/x86_64-linux-gnu/gazebo-11/plugins:/usr/lib/x86_64-linux-gnu/gazebo-11/plugins::/usr/lib/x86_64-linux-gnu/gazebo-11/plugins:/usr/lib/x86_64-linux-gnu/gazebo-11/plugins:/usr/lib/x86_64-linux-gnu/gazebo-11/plugins:'), ('HOME', '/home/ubuntu'), ('CHROME_DESKTOP', 'code.desktop'), ('DESKTOP_SESSION', 'ubuntu'), ('VSCODE_IPC_HOOK', '/run/user/1000/vscode-c29ae69c-1.10-main.sock'), ('GIO_LAUNCHED_DESKTOP_FILE', '/usr/share/applications/code.desktop'), ('GAZEBO_MASTER_URI', 'http://localhost:11345'), ('ROS_PYTHON_VERSION', '3'), ('GNOME_SHELL_SESSION_MODE', 'ubuntu'), ('GTK_MODULES', 'gail:atk-bridge'), ('LC_MONETARY', 'ko_KR.UTF-8'), ('MANAGERPID', '1394'), ('SYSTEMD_EXEC_PID', '1945'), ('DBUS_SESSION_BUS_ADDRESS', 'unix:path=/run/user/1000/bus'), ('GIO_LAUNCHED_DESKTOP_FILE_PID', '322282'), ('VSCODE_CRASH_REPORTER_PROCESS_TYPE', 'extensionHost'), ('COLCON_PREFIX_PATH', '/home/ubuntu/tb3_sim_ws/install:/home/ubuntu/turtlebot3_ws/install'), ('ROS_DISTRO', 'humble'), ('GTK_IM_MODULE', 'ibus'), ('LOGNAME', 'ubuntu'), ('JOURNAL_STREAM', '8:12523'), ('_', '/usr/bin/colcon'), ('ROS_VERSION', '2'), ('XDG_SESSION_CLASS', 'user'), ('RUST_LOG', 'warn'), ('USERNAME', 'ubuntu'), ('GAZEBO_MODEL_PATH', '/usr/share/gazebo-11/models:/usr/share/gazebo-11/models:/usr/share/gazebo-11/models:'), ('GNOME_DESKTOP_SESSION_ID', 'this-is-deprecated'), ('ROS_LOCALHOST_ONLY', '0'), ('WINDOWPATH', '2'), ('OGRE_RESOURCE_PATH', '/usr/lib/x86_64-linux-gnu/OGRE-1.9.0'), ('PATH', '/home/ubuntu/.local/bin:/home/ubuntu/bin:/tmp/.tmpyom6Ob:/home/ubuntu/.local/bin:/home/ubuntu/bin:/opt/ros/humble/bin:/home/ubuntu/.local/bin:/home/ubuntu/bin:/usr/local/sbin:/usr/local/bin:/usr/sbin:/usr/bin:/sbin:/bin:/usr/games:/usr/local/games:/snap/bin:/snap/bin:/home/ubuntu/tools/arduino-1.8.3:/home/ubuntu/.vscode/extensions/openai.chatgpt-0.4.15-linux-x64/bin/linux-x86_64'), ('SESSION_MANAGER', 'local/ubuntu30:@/tmp/.ICE-unix/1927,unix/ubuntu30:/tmp/.ICE-unix/1927'), ('INVOCATION_ID', '3ac4a172c91141d1b8c65eca7da8d05e'), ('PAPERSIZE', 'a4'), ('XDG_MENU_PREFIX', 'gnome-'), ('LC_ADDRESS', 'ko_KR.UTF-8'), ('XDG_RUNTIME_DIR', '/run/user/1000'), ('GDK_BACKEND', 'x11'), ('DISPLAY', ':0'), ('CODEX_SANDBOX_NETWORK_DISABLED', '1'), ('LANG', 'C.UTF-8'), ('XDG_CURRENT_DESKTOP', 'Unity'), ('LC_TELEPHONE', 'ko_KR.UTF-8'), ('XMODIFIERS', '@im=ibus'), ('XDG_SESSION_DESKTOP', 'ubuntu'), ('XAUTHORITY', '/run/user/1000/gdm/Xauthority'), ('SSH_AGENT_LAUNCHER', 'gnome-keyring'), ('SSH_AUTH_SOCK', '/run/user/1000/keyring/ssh'), ('ROS_DOMAIN_ID', '22'), ('AMENT_PREFIX_PATH', '/home/ubuntu/turtlebot3_ws/install/turtlebot3_navigation2:/home/ubuntu/turtlebot3_ws/install/turtlebot3_description:/home/ubuntu/turtlebot3_ws/install/turtlebot3_cartographer:/home/ubuntu/turtlebot3_ws/install/dynamixel_sdk:/home/ubuntu/tb3_sim_ws/install/turtlebot3_gazebo:/home/ubuntu/tb3_sim_ws/install/turtlebot3_fake_node:/opt/ros/humble'), ('ORIGINAL_XDG_CURRENT_DESKTOP', 'ubuntu:GNOME'), ('SHELL', '/bin/bash'), ('LC_NAME', 'ko_KR.UTF-8'), ('QT_ACCESSIBILITY', '1'), ('ELECTRON_RUN_AS_NODE', '1'), ('GDMSESSION', 'ubuntu'), ('LESSCLOSE', '/usr/bin/lesspipe %s %s'), ('LC_MEASUREMENT', 'ko_KR.UTF-8'), ('GPG_AGENT_INFO', '/run/user/1000/gnupg/S.gpg-agent:0:1'), ('GAZEBO_RESOURCE_PATH', '/usr/share/gazebo-11:/usr/share/gazebo-11:/usr/share/gazebo-11:'), ('GJS_DEBUG_OUTPUT', 'stderr'), ('LC_IDENTIFICATION', 'ko_KR.UTF-8'), ('GAZEBO_MODEL_DATABASE_URI', 'http://models.gazebosim.org'), ('QT_IM_MODULE', 'ibus'), ('PWD', '/home/ubuntu/Intel_study/Intel7_Final_Project_5_Team/RoS2/Sensor_Ros2/build/sub_robot_core'), ('TURTLEBOT3_MODEL', 'burger'), ('LC_ALL', 'C.UTF-8'), ('XDG_CONFIG_DIRS', '/etc/xdg/xdg-ubuntu:/etc/xdg'), ('VSCODE_CODE_CACHE_PATH', '/home/ubuntu/.config/Code/CachedData/6f17636121051a53c88d3e605c491d22af2ba755'), ('GAZEBO_PLUGIN_PATH', '/usr/lib/x86_64-linux-gnu/gazebo-11/plugins:/usr/lib/x86_64-linux-gnu/gazebo-11/plugins:/usr/lib/x86_64-linux-gnu/gazebo-11/plugins:'), ('XDG_DATA_DIRS', '/usr/share/ubuntu:/usr/share/gnome:/usr/local/share/:/usr/share/:/var/lib/snapd/desktop'), ('PYTHONPATH', '/home/ubuntu/turtlebot3_ws/install/dynamixel_sdk/local/lib/python3.10/dist-packages:/opt/ros/humble/lib/python3.10/site-packages:/opt/ros/humble/local/lib/python3.10/dist-packages'), ('LC_NUMERIC', 'ko_KR.UTF-8'), ('LC_PAPER', 'ko_KR.UTF-8'), ('COLCON', '1'), ('CMAKE_PREFIX_PATH', '/home/ubuntu/turtlebot3_ws/install/turtlebot3_navigation2:/home/ubuntu/turtlebot3_ws/install/turtlebot3_description:/home/ubuntu/turtlebot3_ws/install/turtlebot3_cartographer:/home/ubuntu/turtlebot3_ws/install/dynamixel_sdk:/home/ubuntu/tb3_sim_ws/install/turtlebot3_gazebo:/home/ubuntu/tb3_sim_ws/install/turtlebot3_fake_node:/opt/ros/humble'), ('VSCODE_PID', '322282')]), 'shell': False}
[0.079693] (sub_robot_core) StdoutLine: {'line': b'[ 25%] Building CXX object CMakeFiles/sub_robot_core_controller.dir/src/sub_controller.cpp.o\n'}
[0.099616] (-) TimerEvent: {}
[0.199771] (-) TimerEvent: {}
[0.299930] (-) TimerEvent: {}
[0.400091] (-) TimerEvent: {}
[0.500248] (-) TimerEvent: {}
[0.600412] (-) TimerEvent: {}
[0.700592] (-) TimerEvent: {}
[0.800771] (-) TimerEvent: {}
[0.900950] (-) TimerEvent: {}
[1.001121] (-) TimerEvent: {}
[1.101261] (-) TimerEvent: {}
[1.201433] (-) TimerEvent: {}
[1.301602] (-) TimerEvent: {}
[1.401764] (-) TimerEvent: {}
[1.501925] (-) TimerEvent: {}
[1.602090] (-) TimerEvent: {}
[1.702257] (-) TimerEvent: {}
[1.802430] (-) TimerEvent: {}
[1.902604] (-) TimerEvent: {}
[2.002763] (-) TimerEvent: {}
[2.056140] (sub_robot_core) StderrLine: {'line': b'/home/ubuntu/Intel_study/Intel7_Final_Project_5_Team/RoS2/Sensor_Ros2/src/sub_robot_core/src/sub_controller.cpp: In member function \xe2\x80\x98void sub_robot_core::SubController::compute_follow(const rclcpp::Time&)\xe2\x80\x99:\n'}
[2.056305] (sub_robot_core) StderrLine: {'line': b'/home/ubuntu/Intel_study/Intel7_Final_Project_5_Team/RoS2/Sensor_Ros2/src/sub_robot_core/src/sub_controller.cpp:124:49: error: invalid initialization of reference of type \xe2\x80\x98const tf2::Quaternion&\xe2\x80\x99 from expression of type \xe2\x80\x98double\xe2\x80\x99\n'}
[2.056357] (sub_robot_core) StderrLine: {'line': b'  124 |   const double err_yaw = tf2::angleShortestPath(est_yaw_, desired_yaw);\n'}
[2.056401] (sub_robot_core) StderrLine: {'line': b'      |                                                 ^~~~~~~~\n'}
[2.056440] (sub_robot_core) StderrLine: {'line': b'In file included from /opt/ros/humble/include/tf2/tf2/LinearMath/Quaternion.h:19,\n'}
[2.056478] (sub_robot_core) StderrLine: {'line': b'                 from /home/ubuntu/Intel_study/Intel7_Final_Project_5_Team/RoS2/Sensor_Ros2/src/sub_robot_core/include/sub_robot_core/sub_controller.hpp:7,\n'}
[2.056516] (sub_robot_core) StderrLine: {'line': b'                 from /home/ubuntu/Intel_study/Intel7_Final_Project_5_Team/RoS2/Sensor_Ros2/src/sub_robot_core/src/sub_controller.cpp:1:\n'}
[2.056554] (sub_robot_core) StderrLine: {'line': b'/opt/ros/humble/include/tf2/tf2/LinearMath/Quaternion.hpp:417:37: note: in passing argument 1 of \xe2\x80\x98tf2Scalar tf2::angleShortestPath(const tf2::Quaternion&, const tf2::Quaternion&)\xe2\x80\x99\n'}
[2.056602] (sub_robot_core) StderrLine: {'line': b'  417 | angleShortestPath(const Quaternion& q1, const Quaternion& q2)\n'}
[2.056640] (sub_robot_core) StderrLine: {'line': b'      |                   ~~~~~~~~~~~~~~~~~~^~\n'}
[2.056765] (sub_robot_core) StderrLine: {'line': b'/home/ubuntu/Intel_study/Intel7_Final_Project_5_Team/RoS2/Sensor_Ros2/src/sub_robot_core/src/sub_controller.cpp: In member function \xe2\x80\x98void sub_robot_core::SubController::compute_alignment(const rclcpp::Time&)\xe2\x80\x99:\n'}
[2.056811] (sub_robot_core) StderrLine: {'line': b'/home/ubuntu/Intel_study/Intel7_Final_Project_5_Team/RoS2/Sensor_Ros2/src/sub_robot_core/src/sub_controller.cpp:164:49: error: invalid initialization of reference of type \xe2\x80\x98const tf2::Quaternion&\xe2\x80\x99 from expression of type \xe2\x80\x98double\xe2\x80\x99\n'}
[2.056851] (sub_robot_core) StderrLine: {'line': b'  164 |   const double err_yaw = tf2::angleShortestPath(est_yaw_, desired_yaw);\n'}
[2.056888] (sub_robot_core) StderrLine: {'line': b'      |                                                 ^~~~~~~~\n'}
[2.056924] (sub_robot_core) StderrLine: {'line': b'In file included from /opt/ros/humble/include/tf2/tf2/LinearMath/Quaternion.h:19,\n'}
[2.056960] (sub_robot_core) StderrLine: {'line': b'                 from /home/ubuntu/Intel_study/Intel7_Final_Project_5_Team/RoS2/Sensor_Ros2/src/sub_robot_core/include/sub_robot_core/sub_controller.hpp:7,\n'}
[2.056997] (sub_robot_core) StderrLine: {'line': b'                 from /home/ubuntu/Intel_study/Intel7_Final_Project_5_Team/RoS2/Sensor_Ros2/src/sub_robot_core/src/sub_controller.cpp:1:\n'}
[2.057034] (sub_robot_core) StderrLine: {'line': b'/opt/ros/humble/include/tf2/tf2/LinearMath/Quaternion.hpp:417:37: note: in passing argument 1 of \xe2\x80\x98tf2Scalar tf2::angleShortestPath(const tf2::Quaternion&, const tf2::Quaternion&)\xe2\x80\x99\n'}
[2.057069] (sub_robot_core) StderrLine: {'line': b'  417 | angleShortestPath(const Quaternion& q1, const Quaternion& q2)\n'}
[2.057102] (sub_robot_core) StderrLine: {'line': b'      |                   ~~~~~~~~~~~~~~~~~~^~\n'}
[2.059206] (sub_robot_core) StderrLine: {'line': b'/home/ubuntu/Intel_study/Intel7_Final_Project_5_Team/RoS2/Sensor_Ros2/src/sub_robot_core/src/sub_controller.cpp: In member function \xe2\x80\x98void sub_robot_core::SubController::integrate_estimate(double)\xe2\x80\x99:\n'}
[2.059332] (sub_robot_core) StderrLine: {'line': b'/home/ubuntu/Intel_study/Intel7_Final_Project_5_Team/RoS2/Sensor_Ros2/src/sub_robot_core/src/sub_controller.cpp:249:19: error: \xe2\x80\x98normalizeAngle\xe2\x80\x99 is not a member of \xe2\x80\x98tf2\xe2\x80\x99\n'}
[2.059385] (sub_robot_core) StderrLine: {'line': b'  249 |   est_yaw_ = tf2::normalizeAngle(est_yaw_ + wz * dt);\n'}
[2.059426] (sub_robot_core) StderrLine: {'line': b'      |                   ^~~~~~~~~~~~~~\n'}
[2.102859] (-) TimerEvent: {}
[2.203021] (-) TimerEvent: {}
[2.303197] (-) TimerEvent: {}
[2.351919] (sub_robot_core) StderrLine: {'line': b'gmake[2]: *** [CMakeFiles/sub_robot_core_controller.dir/build.make:76: CMakeFiles/sub_robot_core_controller.dir/src/sub_controller.cpp.o] \xec\x98\xa4\xeb\xa5\x98 1\n'}
[2.352184] (sub_robot_core) StderrLine: {'line': b'gmake[1]: *** [CMakeFiles/Makefile2:139: CMakeFiles/sub_robot_core_controller.dir/all] \xec\x98\xa4\xeb\xa5\x98 2\n'}
[2.352235] (sub_robot_core) StderrLine: {'line': b'gmake: *** [Makefile:146: all] \xec\x98\xa4\xeb\xa5\x98 2\n'}
[2.353848] (sub_robot_core) CommandEnded: {'returncode': 2}
[2.363542] (sub_robot_core) JobEnded: {'identifier': 'sub_robot_core', 'rc': 2}
[2.373882] (-) EventReactorShutdown: {}
