[0.000000] (-) TimerEvent: {}
[0.000239] (-) JobUnselected: {'identifier': 'crop_task_vision'}
[0.000269] (-) JobUnselected: {'identifier': 'sub_robot_bringup'}
[0.000287] (-) JobUnselected: {'identifier': 'sub_robot_core'}
[0.000302] (-) JobUnselected: {'identifier': 'sub_robot_sim'}
[0.000316] (-) JobUnselected: {'identifier': 'wall_follower'}
[0.000332] (i2c_distance_publisher) JobQueued: {'identifier': 'i2c_distance_publisher', 'dependencies': OrderedDict()}
[0.000349] (i2c_distance_publisher) JobStarted: {'identifier': 'i2c_distance_publisher'}
[0.006536] (i2c_distance_publisher) JobProgress: {'identifier': 'i2c_distance_publisher', 'progress': 'cmake'}
[0.007680] (i2c_distance_publisher) JobProgress: {'identifier': 'i2c_distance_publisher', 'progress': 'build'}
[0.007716] (i2c_distance_publisher) Command: {'cmd': ['/usr/bin/cmake', '--build', '/home/ubuntu/Intel_study/Intel7_Final_Project_5_Team/RoS2/Sensor_Ros2/build/i2c_distance_publisher', '--', '-j24', '-l24'], 'cwd': '/home/ubuntu/Intel_study/Intel7_Final_Project_5_Team/RoS2/Sensor_Ros2/build/i2c_distance_publisher', 'env': OrderedDict([('GJS_DEBUG_TOPICS', 'JS ERROR;JS LOG'), ('LESSOPEN', '| /usr/bin/lesspipe %s'), ('VSCODE_CWD', '/home/ubuntu'), ('VSCODE_ESM_ENTRYPOINT', 'vs/workbench/api/node/extensionHostProcess'), ('LANGUAGE', 'ko:en'), ('USER', 'ubuntu'), ('LC_TIME', 'ko_KR.UTF-8'), ('CODEX_INTERNAL_ORIGINATOR_OVERRIDE', 'codex_vscode'), ('VSCODE_NLS_CONFIG', '{"userLocale":"ko","osLocale":"ko","resolvedLanguage":"ko","defaultMessagesFile":"/usr/share/code/resources/app/out/nls.messages.json","languagePack":{"translationsConfigFile":"/home/ubuntu/.config/Code/clp/c4cd97fcd2f75e8f5da1b51c72853db1.ko/tcf.json","messagesFile":"/home/ubuntu/.config/Code/clp/c4cd97fcd2f75e8f5da1b51c72853db1.ko/6f17636121051a53c88d3e605c491d22af2ba755/nls.messages.json","corruptMarkerFile":"/home/ubuntu/.config/Code/clp/c4cd97fcd2f75e8f5da1b51c72853db1.ko/corrupted.info"},"locale":"ko","availableLanguages":{"*":"ko"},"_languagePackId":"c4cd97fcd2f75e8f5da1b51c72853db1.ko","_languagePackSupport":true,"_translationsConfigFile":"/home/ubuntu/.config/Code/clp/c4cd97fcd2f75e8f5da1b51c72853db1.ko/tcf.json","_cacheRoot":"/home/ubuntu/.config/Code/clp/c4cd97fcd2f75e8f5da1b51c72853db1.ko","_resolvedLanguagePackCoreLocation":"/home/ubuntu/.config/Code/clp/c4cd97fcd2f75e8f5da1b51c72853db1.ko/6f17636121051a53c88d3e605c491d22af2ba755","_corruptedFile":"/home/ubuntu/.config/Code/clp/c4cd97fcd2f75e8f5da1b51c72853db1.ko/corrupted.info"}'), ('VSCODE_HANDLES_UNCAUGHT_ERRORS', 'true'), ('XDG_SESSION_TYPE', 'x11'), ('SHLVL', '0'), ('HOME', '/home/ubuntu'), ('CHROME_DESKTOP', 'code.desktop'), ('DESKTOP_SESSION', 'ubuntu'), ('VSCODE_IPC_HOOK', '/run/user/1000/vscode-c29ae69c-1.10-main.sock'), ('GIO_LAUNCHED_DESKTOP_FILE', '/usr/share/applications/code.desktop'), ('GAZEBO_MASTER_URI', 'http://localhost:11345'), ('ROS_PYTHON_VERSION', '3'), ('GNOME_SHELL_SESSION_MODE', 'ubuntu'), ('GTK_MODULES', 'gail:atk-bridge'), ('LC_MONETARY', 'ko_KR.UTF-8'), ('MANAGERPID', '1377'), ('SYSTEMD_EXEC_PID', '2067'), ('DBUS_SESSION_BUS_ADDRESS', 'unix:path=/run/user/1000/bus'), ('GIO_LAUNCHED_DESKTOP_FILE_PID', '1175271'), ('VSCODE_CRASH_REPORTER_PROCESS_TYPE', 'extensionHost'), ('COLCON_PREFIX_PATH', '/home/ubuntu/tb3_sim_ws/install:/home/ubuntu/turtlebot3_ws/install:/home/ubuntu/Intel_study/Intel7_Final_Project_5_Team/RoS2/Sensor_Ros2/install'), ('ROS_DISTRO', 'humble'), ('GTK_IM_MODULE', 'ibus'), ('LOGNAME', 'ubuntu'), ('JOURNAL_STREAM', '8:40964'), ('_', '/usr/bin/colcon'), ('ROS_VERSION', '2'), ('XDG_SESSION_CLASS', 'user'), ('RUST_LOG', 'warn'), ('USERNAME', 'ubuntu'), ('GAZEBO_MODEL_PATH', '/usr/share/gazebo-11/models:/usr/share/gazebo-11/models:/usr/share/gazebo-11/models:'), ('GNOME_DESKTOP_SESSION_ID', 'this-is-deprecated'), ('ROS_LOCALHOST_ONLY', '0'), ('WINDOWPATH', '2'), ('OGRE_RESOURCE_PATH', '/usr/lib/x86_64-linux-gnu/OGRE-1.9.0'), ('PATH', '/home/ubuntu/.local/bin:/home/ubuntu/bin:/tmp/.tmpoGUV4r:/home/ubuntu/.local/bin:/home/ubuntu/bin:/opt/ros/humble/bin:/home/ubuntu/.local/bin:/home/ubuntu/bin:/usr/local/sbin:/usr/local/bin:/usr/sbin:/usr/bin:/sbin:/bin:/usr/games:/usr/local/games:/snap/bin:/snap/bin:/home/ubuntu/tools/arduino-1.8.3:/home/ubuntu/.vscode/extensions/openai.chatgpt-0.4.19-linux-x64/bin/linux-x86_64'), ('SESSION_MANAGER', 'local/ubuntu30:@/tmp/.ICE-unix/2045,unix/ubuntu30:/tmp/.ICE-unix/2045'), ('INVOCATION_ID', '059afda258d8468dbb99099ea30c7e60'), ('PAPERSIZE', 'a4'), ('XDG_MENU_PREFIX', 'gnome-'), ('LC_ADDRESS', 'ko_KR.UTF-8'), ('XDG_RUNTIME_DIR', '/run/user/1000'), ('GDK_BACKEND', 'x11'), ('DISPLAY', ':0'), ('CODEX_SANDBOX_NETWORK_DISABLED', '1'), ('LANG', 'C.UTF-8'), ('XDG_CURRENT_DESKTOP', 'Unity'), ('LC_TELEPHONE', 'ko_KR.UTF-8'), ('XMODIFIERS', '@im=ibus'), ('XDG_SESSION_DESKTOP', 'ubuntu'), ('XAUTHORITY', '/run/user/1000/gdm/Xauthority'), ('SSH_AGENT_LAUNCHER', 'gnome-keyring'), ('SSH_AUTH_SOCK', '/run/user/1000/keyring/ssh'), ('ROS_DOMAIN_ID', '15'), ('AMENT_PREFIX_PATH', '/home/ubuntu/turtlebot3_ws/install/turtlebot3_navigation2:/home/ubuntu/turtlebot3_ws/install/turtlebot3_follower:/home/ubuntu/turtlebot3_ws/install/turtlebot3_example:/home/ubuntu/turtlebot3_ws/install/turtlebot3_description:/home/ubuntu/turtlebot3_ws/install/turtlebot3_cartographer:/home/ubuntu/turtlebot3_ws/install/dynamixel_sdk:/home/ubuntu/tb3_sim_ws/install/turtlebot3_gazebo:/home/ubuntu/tb3_sim_ws/install/turtlebot3_fake_node:/home/ubuntu/Intel_study/Intel7_Final_Project_5_Team/RoS2/Sensor_Ros2/install/wall_follower:/home/ubuntu/Intel_study/Intel7_Final_Project_5_Team/RoS2/Sensor_Ros2/install/sub_robot_bringup:/home/ubuntu/Intel_study/Intel7_Final_Project_5_Team/RoS2/Sensor_Ros2/install/sub_robot_sim:/home/ubuntu/Intel_study/Intel7_Final_Project_5_Team/RoS2/Sensor_Ros2/install/sub_robot_core:/opt/ros/humble'), ('ORIGINAL_XDG_CURRENT_DESKTOP', 'ubuntu:GNOME'), ('SHELL', '/bin/bash'), ('LC_NAME', 'ko_KR.UTF-8'), ('QT_ACCESSIBILITY', '1'), ('ELECTRON_RUN_AS_NODE', '1'), ('GDMSESSION', 'ubuntu'), ('LESSCLOSE', '/usr/bin/lesspipe %s %s'), ('LC_MEASUREMENT', 'ko_KR.UTF-8'), ('GPG_AGENT_INFO', '/run/user/1000/gnupg/S.gpg-agent:0:1'), ('GAZEBO_RESOURCE_PATH', '/usr/share/gazebo-11:/usr/share/gazebo-11:/usr/share/gazebo-11:'), ('GJS_DEBUG_OUTPUT', 'stderr'), ('LC_IDENTIFICATION', 'ko_KR.UTF-8'), ('GAZEBO_MODEL_DATABASE_URI', 'http://models.gazebosim.org'), ('QT_IM_MODULE', 'ibus'), ('PWD', '/home/ubuntu/Intel_study/Intel7_Final_Project_5_Team/RoS2/Sensor_Ros2/build/i2c_distance_publisher'), ('TURTLEBOT3_MODEL', 'burger'), ('LC_ALL', 'C.UTF-8'), ('XDG_CONFIG_DIRS', '/etc/xdg/xdg-ubuntu:/etc/xdg'), ('VSCODE_CODE_CACHE_PATH', '/home/ubuntu/.config/Code/CachedData/6f17636121051a53c88d3e605c491d22af2ba755'), ('GAZEBO_PLUGIN_PATH', '/usr/lib/x86_64-linux-gnu/gazebo-11/plugins:/usr/lib/x86_64-linux-gnu/gazebo-11/plugins:/usr/lib/x86_64-linux-gnu/gazebo-11/plugins:'), ('XDG_DATA_DIRS', '/usr/share/ubuntu:/usr/share/gnome:/usr/local/share/:/usr/share/:/var/lib/snapd/desktop'), ('PYTHONPATH', '/home/ubuntu/turtlebot3_ws/install/turtlebot3_example/lib/python3.10/site-packages:/home/ubuntu/turtlebot3_ws/install/dynamixel_sdk/local/lib/python3.10/dist-packages:/home/ubuntu/Intel_study/Intel7_Final_Project_5_Team/RoS2/Sensor_Ros2/install/wall_follower/lib/python3.10/site-packages:/opt/ros/humble/lib/python3.10/site-packages:/opt/ros/humble/local/lib/python3.10/dist-packages'), ('LC_NUMERIC', 'ko_KR.UTF-8'), ('LC_PAPER', 'ko_KR.UTF-8'), ('COLCON', '1'), ('CMAKE_PREFIX_PATH', '/home/ubuntu/turtlebot3_ws/install/turtlebot3_navigation2:/home/ubuntu/turtlebot3_ws/install/turtlebot3_follower:/home/ubuntu/turtlebot3_ws/install/turtlebot3_description:/home/ubuntu/turtlebot3_ws/install/turtlebot3_cartographer:/home/ubuntu/turtlebot3_ws/install/dynamixel_sdk:/home/ubuntu/tb3_sim_ws/install/turtlebot3_gazebo:/home/ubuntu/tb3_sim_ws/install/turtlebot3_fake_node:/home/ubuntu/Intel_study/Intel7_Final_Project_5_Team/RoS2/Sensor_Ros2/install/sub_robot_bringup:/home/ubuntu/Intel_study/Intel7_Final_Project_5_Team/RoS2/Sensor_Ros2/install/sub_robot_sim:/home/ubuntu/Intel_study/Intel7_Final_Project_5_Team/RoS2/Sensor_Ros2/install/sub_robot_core:/home/ubuntu/turtlebot3_ws/install/turtlebot3_example:/home/ubuntu/Intel_study/Intel7_Final_Project_5_Team/RoS2/Sensor_Ros2/install/wall_follower:/opt/ros/humble'), ('VSCODE_PID', '1175271')]), 'shell': False}
[0.040824] (i2c_distance_publisher) StdoutLine: {'line': b'[ 50%] Building CXX object CMakeFiles/i2c_distance_node.dir/src/i2c_distance_node.cpp.o\n'}
[0.099983] (-) TimerEvent: {}
[0.200272] (-) TimerEvent: {}
[0.300597] (-) TimerEvent: {}
[0.400931] (-) TimerEvent: {}
[0.501263] (-) TimerEvent: {}
[0.601570] (-) TimerEvent: {}
[0.701950] (-) TimerEvent: {}
[0.802301] (-) TimerEvent: {}
[0.902631] (-) TimerEvent: {}
[1.002953] (-) TimerEvent: {}
[1.103183] (-) TimerEvent: {}
[1.108438] (i2c_distance_publisher) StderrLine: {'line': b'/home/ubuntu/Intel_study/Intel7_Final_Project_5_Team/RoS2/Sensor_Ros2/src/i2c_distance_publisher/src/i2c_distance_node.cpp: In member function \xe2\x80\x98bool i2c_distance_publisher::I2CDistanceNode::write_register_byte(uint8_t, uint8_t)\xe2\x80\x99:\n'}
[1.108598] (i2c_distance_publisher) StderrLine: {'line': b'/home/ubuntu/Intel_study/Intel7_Final_Project_5_Team/RoS2/Sensor_Ros2/src/i2c_distance_publisher/src/i2c_distance_node.cpp:184:18: error: aggregate \xe2\x80\x98i2c_msg message\xe2\x80\x99 has incomplete type and cannot be defined\n'}
[1.108675] (i2c_distance_publisher) StderrLine: {'line': b'  184 |   struct i2c_msg message;\n'}
[1.108743] (i2c_distance_publisher) StderrLine: {'line': b'      |                  ^~~~~~~\n'}
[1.108877] (i2c_distance_publisher) StderrLine: {'line': b'/home/ubuntu/Intel_study/Intel7_Final_Project_5_Team/RoS2/Sensor_Ros2/src/i2c_distance_publisher/src/i2c_distance_node.cpp: In member function \xe2\x80\x98bool i2c_distance_publisher::I2CDistanceNode::read_bytes(uint8_t, uint8_t*, std::size_t)\xe2\x80\x99:\n'}
[1.108946] (i2c_distance_publisher) StderrLine: {'line': b'/home/ubuntu/Intel_study/Intel7_Final_Project_5_Team/RoS2/Sensor_Ros2/src/i2c_distance_publisher/src/i2c_distance_node.cpp:210:18: error: elements of array \xe2\x80\x98i2c_msg messages [2]\xe2\x80\x99 have incomplete type\n'}
[1.109009] (i2c_distance_publisher) StderrLine: {'line': b'  210 |   struct i2c_msg messages[2];\n'}
[1.109077] (i2c_distance_publisher) StderrLine: {'line': b'      |                  ^~~~~~~~\n'}
[1.109142] (i2c_distance_publisher) StderrLine: {'line': b'/home/ubuntu/Intel_study/Intel7_Final_Project_5_Team/RoS2/Sensor_Ros2/src/i2c_distance_publisher/src/i2c_distance_node.cpp:210:18: error: storage size of \xe2\x80\x98messages\xe2\x80\x99 isn\xe2\x80\x99t known\n'}
[1.112953] (i2c_distance_publisher) StderrLine: {'line': b'/home/ubuntu/Intel_study/Intel7_Final_Project_5_Team/RoS2/Sensor_Ros2/src/i2c_distance_publisher/src/i2c_distance_node.cpp:219:23: error: \xe2\x80\x98I2C_M_RD\xe2\x80\x99 was not declared in this scope\n'}
[1.113057] (i2c_distance_publisher) StderrLine: {'line': b'  219 |   messages[1].flags = I2C_M_RD;\n'}
[1.113120] (i2c_distance_publisher) StderrLine: {'line': b'      |                       ^~~~~~~~\n'}
[1.203406] (-) TimerEvent: {}
[1.303761] (-) TimerEvent: {}
[1.404103] (-) TimerEvent: {}
[1.503222] (i2c_distance_publisher) StderrLine: {'line': b'gmake[2]: *** [CMakeFiles/i2c_distance_node.dir/build.make:76: CMakeFiles/i2c_distance_node.dir/src/i2c_distance_node.cpp.o] \xec\x98\xa4\xeb\xa5\x98 1\n'}
[1.503700] (i2c_distance_publisher) StderrLine: {'line': b'gmake[1]: *** [CMakeFiles/Makefile2:137: CMakeFiles/i2c_distance_node.dir/all] \xec\x98\xa4\xeb\xa5\x98 2\n'}
[1.503786] (i2c_distance_publisher) StderrLine: {'line': b'gmake: *** [Makefile:146: all] \xec\x98\xa4\xeb\xa5\x98 2\n'}
[1.504155] (-) TimerEvent: {}
[1.505882] (i2c_distance_publisher) CommandEnded: {'returncode': 2}
[1.510197] (i2c_distance_publisher) JobEnded: {'identifier': 'i2c_distance_publisher', 'rc': 2}
[1.520703] (-) EventReactorShutdown: {}
