-- Found ament_cmake: 1.3.12 (/opt/ros/humble/share/ament_cmake/cmake)
-- Found rclcpp: 16.0.14 (/opt/ros/humble/share/rclcpp/cmake)
-- Found rosidl_generator_c: 3.1.7 (/opt/ros/humble/share/rosidl_generator_c/cmake)
-- Found rosidl_adapter: 3.1.7 (/opt/ros/humble/share/rosidl_adapter/cmake)
-- Found rosidl_generator_cpp: 3.1.7 (/opt/ros/humble/share/rosidl_generator_cpp/cmake)
-- Using all available rosidl_typesupport_c: rosidl_typesupport_fastrtps_c;rosidl_typesupport_introspection_c
-- Using all available rosidl_typesupport_cpp: rosidl_typesupport_fastrtps_cpp;rosidl_typesupport_introspection_cpp
-- Found rmw_implementation_cmake: 6.1.2 (/opt/ros/humble/share/rmw_implementation_cmake/cmake)
-- Found rmw_fastrtps_cpp: 6.2.8 (/opt/ros/humble/share/rmw_fastrtps_cpp/cmake)
-- Using RMW implementation 'rmw_fastrtps_cpp' as default
-- Found sensor_msgs: 4.9.0 (/opt/ros/humble/share/sensor_msgs/cmake)
-- Found cv_bridge: 3.2.1 (/opt/ros/humble/share/cv_bridge/cmake)
-- Configuring done
-- Generating done
-- Build files have been written to: /home/ubuntu/Intel_study/Intel7_Final_Project_5_Team/RoS2/Sensor_Ros2/build/crop_task_vision
Consolidate compiler generated dependencies of target crop_task_node_lib
[ 14%] Building CXX object CMakeFiles/lidar_guard_node.dir/src/lidar_guard_node.cpp.o
[ 28%] Building CXX object CMakeFiles/lidar_guard_node.dir/src/lidar_guard_main.cpp.o
[ 57%] Built target crop_task_node_lib
/home/ubuntu/Intel_study/Intel7_Final_Project_5_Team/RoS2/Sensor_Ros2/src/crop_task_vision/src/lidar_guard_node.cpp:1:10: fatal error: crop_task_vision/lidar_guard_node.hpp: 그런 파일이나 디렉터리가 없습니다
    1 | #include "crop_task_vision/lidar_guard_node.hpp"
      |          ^~~~~~~~~~~~~~~~~~~~~~~~~~~~~~~~~~~~~~~
compilation terminated.
gmake[2]: *** [CMakeFiles/lidar_guard_node.dir/build.make:76: CMakeFiles/lidar_guard_node.dir/src/lidar_guard_node.cpp.o] 오류 1
gmake[2]: *** 끝나지 않은 작업을 기다리고 있습니다....
Consolidate compiler generated dependencies of target crop_task_node
[ 85%] Built target crop_task_node
/home/ubuntu/Intel_study/Intel7_Final_Project_5_Team/RoS2/Sensor_Ros2/src/crop_task_vision/src/lidar_guard_main.cpp:3:10: fatal error: crop_task_vision/lidar_guard_node.hpp: 그런 파일이나 디렉터리가 없습니다
    3 | #include "crop_task_vision/lidar_guard_node.hpp"
      |          ^~~~~~~~~~~~~~~~~~~~~~~~~~~~~~~~~~~~~~~
compilation terminated.
gmake[2]: *** [CMakeFiles/lidar_guard_node.dir/build.make:90: CMakeFiles/lidar_guard_node.dir/src/lidar_guard_main.cpp.o] 오류 1
gmake[1]: *** [CMakeFiles/Makefile2:193: CMakeFiles/lidar_guard_node.dir/all] 오류 2
gmake: *** [Makefile:146: all] 오류 2
