[0.008s] Invoking command in '/home/ubuntu/Intel_study/Intel7_Final_Project_5_Team/RoS2/Sensor_Ros2/build/crop_task_vision': CMAKE_PREFIX_PATH=${CMAKE_PREFIX_PATH}:/home/ubuntu/turtlebot3_ws/install/turtlebot3_example:/home/ubuntu/Intel_study/Intel7_Final_Project_5_Team/RoS2/Sensor_Ros2/install/wall_follower:/opt/ros/humble /usr/bin/cmake --build /home/ubuntu/Intel_study/Intel7_Final_Project_5_Team/RoS2/Sensor_Ros2/build/crop_task_vision -- -j24 -l24
[0.026s] -- Found ament_cmake: 1.3.12 (/opt/ros/humble/share/ament_cmake/cmake)
[0.118s] -- Found rclcpp: 16.0.14 (/opt/ros/humble/share/rclcpp/cmake)
[0.134s] -- Found rosidl_generator_c: 3.1.7 (/opt/ros/humble/share/rosidl_generator_c/cmake)
[0.135s] -- Found rosidl_adapter: 3.1.7 (/opt/ros/humble/share/rosidl_adapter/cmake)
[0.139s] -- Found rosidl_generator_cpp: 3.1.7 (/opt/ros/humble/share/rosidl_generator_cpp/cmake)
[0.144s] -- Using all available rosidl_typesupport_c: rosidl_typesupport_fastrtps_c;rosidl_typesupport_introspection_c
[0.151s] -- Using all available rosidl_typesupport_cpp: rosidl_typesupport_fastrtps_cpp;rosidl_typesupport_introspection_cpp
[0.171s] -- Found rmw_implementation_cmake: 6.1.2 (/opt/ros/humble/share/rmw_implementation_cmake/cmake)
[0.172s] -- Found rmw_fastrtps_cpp: 6.2.8 (/opt/ros/humble/share/rmw_fastrtps_cpp/cmake)
[0.244s] -- Using RMW implementation 'rmw_fastrtps_cpp' as default
[0.270s] -- Found sensor_msgs: 4.9.0 (/opt/ros/humble/share/sensor_msgs/cmake)
[0.287s] -- Found cv_bridge: 3.2.1 (/opt/ros/humble/share/cv_bridge/cmake)
[0.338s] -- Configuring done
[0.350s] -- Generating done
[0.354s] -- Build files have been written to: /home/ubuntu/Intel_study/Intel7_Final_Project_5_Team/RoS2/Sensor_Ros2/build/crop_task_vision
[0.375s] Consolidate compiler generated dependencies of target crop_task_node_lib
[0.380s] [ 14%] Building CXX object CMakeFiles/lidar_guard_node.dir/src/lidar_guard_node.cpp.o
[0.380s] [ 28%] Building CXX object CMakeFiles/lidar_guard_node.dir/src/lidar_guard_main.cpp.o
[0.383s] [ 57%] Built target crop_task_node_lib
[0.387s] /home/ubuntu/Intel_study/Intel7_Final_Project_5_Team/RoS2/Sensor_Ros2/src/crop_task_vision/src/lidar_guard_node.cpp:1:10: fatal error: crop_task_vision/lidar_guard_node.hpp: 그런 파일이나 디렉터리가 없습니다
[0.387s]     1 | #include "crop_task_vision/lidar_guard_node.hpp"
[0.387s]       |          ^~~~~~~~~~~~~~~~~~~~~~~~~~~~~~~~~~~~~~~
[0.387s] compilation terminated.
[0.387s] gmake[2]: *** [CMakeFiles/lidar_guard_node.dir/build.make:76: CMakeFiles/lidar_guard_node.dir/src/lidar_guard_node.cpp.o] 오류 1
[0.387s] gmake[2]: *** 끝나지 않은 작업을 기다리고 있습니다....
[0.394s] Consolidate compiler generated dependencies of target crop_task_node
[0.404s] [ 85%] Built target crop_task_node
[0.500s] /home/ubuntu/Intel_study/Intel7_Final_Project_5_Team/RoS2/Sensor_Ros2/src/crop_task_vision/src/lidar_guard_main.cpp:3:10: fatal error: crop_task_vision/lidar_guard_node.hpp: 그런 파일이나 디렉터리가 없습니다
[0.500s]     3 | #include "crop_task_vision/lidar_guard_node.hpp"
[0.500s]       |          ^~~~~~~~~~~~~~~~~~~~~~~~~~~~~~~~~~~~~~~
[0.500s] compilation terminated.
[0.501s] gmake[2]: *** [CMakeFiles/lidar_guard_node.dir/build.make:90: CMakeFiles/lidar_guard_node.dir/src/lidar_guard_main.cpp.o] 오류 1
[0.501s] gmake[1]: *** [CMakeFiles/Makefile2:193: CMakeFiles/lidar_guard_node.dir/all] 오류 2
[0.502s] gmake: *** [Makefile:146: all] 오류 2
[0.503s] Invoked command in '/home/ubuntu/Intel_study/Intel7_Final_Project_5_Team/RoS2/Sensor_Ros2/build/crop_task_vision' returned '2': CMAKE_PREFIX_PATH=${CMAKE_PREFIX_PATH}:/home/ubuntu/turtlebot3_ws/install/turtlebot3_example:/home/ubuntu/Intel_study/Intel7_Final_Project_5_Team/RoS2/Sensor_Ros2/install/wall_follower:/opt/ros/humble /usr/bin/cmake --build /home/ubuntu/Intel_study/Intel7_Final_Project_5_Team/RoS2/Sensor_Ros2/build/crop_task_vision -- -j24 -l24
